2025-11-25 17:16:02.380 [info] [main] Log level: Info
2025-11-25 17:16:02.380 [info] [main] Validating found git in: "git"
2025-11-25 17:16:02.380 [info] [main] Using git "2.52.0" from "git"
2025-11-25 17:16:02.380 [info] [Model][doInitialScan] Initial repository scan started
2025-11-25 17:16:02.380 [info] [Model][doInitialScan] Initial repository scan completed - repositories (0), closed repositories (0), parent repositories (0), unsafe repositories (0)
2025-11-25 17:17:28.189 [info] > git rev-parse --show-toplevel [1ms]
2025-11-25 17:17:28.189 [info] fatal: not a git repository (or any of the parent directories): .git
2025-11-25 17:18:06.543 [info] > git rev-parse --show-toplevel [2ms]
2025-11-25 17:18:06.543 [info] fatal: not a git repository (or any of the parent directories): .git
2025-11-25 17:37:06.825 [info] > git rev-parse --show-toplevel [2ms]
2025-11-25 17:37:06.825 [info] fatal: not a git repository (or any of the parent directories): .git
2025-11-25 17:37:48.420 [info] > git rev-parse --show-toplevel [1ms]
2025-11-25 17:37:48.420 [info] fatal: not a git repository (or any of the parent directories): .git
2025-11-25 17:37:55.038 [info] > git rev-parse --show-toplevel [1ms]
2025-11-25 17:37:55.038 [info] fatal: not a git repository (or any of the parent directories): .git
2025-11-25 17:37:56.680 [info] > git rev-parse --show-toplevel [1ms]
2025-11-25 17:37:56.680 [info] fatal: not a git repository (or any of the parent directories): .git
2025-11-25 17:37:58.069 [info] > git rev-parse --show-toplevel [1ms]
2025-11-25 17:37:58.069 [info] fatal: not a git repository (or any of the parent directories): .git
2025-11-25 17:41:24.005 [info] > git rev-parse --show-toplevel [2ms]
2025-11-25 17:41:24.005 [info] fatal: not a git repository (or any of the parent directories): .git
